#
# There is insufficient memory for the Java Runtime Environment to continue.
# Native memory allocation (malloc) failed to allocate 1048576 bytes for AllocateHeap
# Possible reasons:
#   The system is out of physical RAM or swap space
#   In 32 bit mode, the process size limit was hit
# Possible solutions:
#   Reduce memory load on the system
#   Increase physical memory or swap space
#   Check if swap backing store is full
#   Use 64 bit Java on a 64 bit OS
#   Decrease Java heap size (-Xmx/-Xms)
#   Decrease number of Java threads
#   Decrease Java thread stack sizes (-Xss)
#   Set larger code cache with -XX:ReservedCodeCacheSize=
# This output file may be truncated or incomplete.
#
#  Out of Memory Error (memory/allocation.inline.hpp:61), pid=14988, tid=16420
#
# JRE version:  (8.0_65-b17) (build )
# Java VM: Java HotSpot(TM) 64-Bit Server VM (25.65-b01 mixed mode windows-amd64 compressed oops)
# Failed to write core dump. Minidumps are not enabled by default on client versions of Windows
#

---------------  T H R E A D  ---------------

Current thread (0x0000000002550800):  JavaThread "Unknown thread" [_thread_in_vm, id=16420, stack(0x0000000000940000,0x0000000000a40000)]

Stack: [0x0000000000940000,0x0000000000a40000]
[error occurred during error reporting (printing stack bounds), id 0xc0000005]

Native frames: (J=compiled Java code, j=interpreted, Vv=VM code, C=native code)


---------------  P R O C E S S  ---------------

Java Threads: ( => current thread )

Other Threads:

=>0x0000000002550800 (exited) JavaThread "Unknown thread" [_thread_in_vm, id=16420, stack(0x0000000000940000,0x0000000000a40000)]

VM state:not at safepoint (normal execution)

VM Mutex/Monitor currently owned by a thread: None

Heap:
 PSYoungGen      total 18432K, used 317K [0x00000000eb700000, 0x00000000ecb80000, 0x0000000100000000)
  eden space 15872K, 2% used [0x00000000eb700000,0x00000000eb74f5d0,0x00000000ec680000)
  from space 2560K, 0% used [0x00000000ec900000,0x00000000ec900000,0x00000000ecb80000)
  to   space 2560K, 0% used [0x00000000ec680000,0x00000000ec680000,0x00000000ec900000)
 ParOldGen       total 42496K, used 0K [0x00000000c2400000, 0x00000000c4d80000, 0x00000000eb700000)
  object space 42496K, 0% used [0x00000000c2400000,0x00000000c2400000,0x00000000c4d80000)
 Metaspace       used 767K, capacity 4480K, committed 4480K, reserved 1056768K
  class space    used 75K, capacity 384K, committed 384K, reserved 1048576K

Card table byte_map: [0x0000000002aa0000,0x0000000002c90000] byte_map_base: 0x000000000248e000

Marking Bits: (ParMarkBitMap*) 0x000000005376a5b0
 Begin Bits: [0x00000000031e0000, 0x0000000004150000)
 End Bits:   [0x0000000004150000, 0x00000000050c0000)

Polling page: 0x0000000000440000

CodeCache: size=245760Kb used=328Kb max_used=328Kb free=245431Kb
 bounds [0x000000000f010000, 0x000000000f280000, 0x000000001e010000]
 total_blobs=57 nmethods=0 adapters=37
 compilation: enabled

Compilation events (0 events):
No events

GC Heap History (0 events):
No events

Deoptimization events (0 events):
No events

Internal exceptions (0 events):
No events

Events (10 events):
Event: 0.108 loading class java/lang/Short
Event: 0.108 loading class java/lang/Short done
Event: 0.108 loading class java/lang/Integer
Event: 0.108 loading class java/lang/Integer done
Event: 0.108 loading class java/lang/Long
Event: 0.108 loading class java/lang/Long done
Event: 0.109 loading class java/lang/NullPointerException
Event: 0.109 loading class java/lang/NullPointerException done
Event: 0.109 loading class java/lang/ArithmeticException
Event: 0.109 loading class java/lang/ArithmeticException done


Dynamic libraries:
0x00007ff7aeb60000 - 0x00007ff7aeb97000 	C:\Program Files\Java\jdk1.8.0_65\bin\javaw.exe
0x00007ff917ee0000 - 0x00007ff9180a1000 	C:\WINDOWS\SYSTEM32\ntdll.dll
0x00007ff917e30000 - 0x00007ff917edd000 	C:\WINDOWS\system32\KERNEL32.DLL
0x00007ff9150d0000 - 0x00007ff9152b8000 	C:\WINDOWS\system32\KERNELBASE.dll
0x00007ff9175f0000 - 0x00007ff917697000 	C:\WINDOWS\system32\ADVAPI32.dll
0x00007ff9176a0000 - 0x00007ff91773d000 	C:\WINDOWS\system32\msvcrt.dll
0x00007ff916d60000 - 0x00007ff916dbb000 	C:\WINDOWS\system32\sechost.dll
0x00007ff915680000 - 0x00007ff91579c000 	C:\WINDOWS\system32\RPCRT4.dll
0x00007ff9152c0000 - 0x00007ff915416000 	C:\WINDOWS\system32\USER32.dll
0x00007ff917150000 - 0x00007ff9172d6000 	C:\WINDOWS\system32\GDI32.dll
0x00007ff910440000 - 0x00007ff9106b4000 	C:\WINDOWS\WinSxS\amd64_microsoft.windows.common-controls_6595b64144ccf1df_6.0.10586.0_none_8c15ae12515e1c22\COMCTL32.dll
0x00007ff916df0000 - 0x00007ff91706d000 	C:\WINDOWS\system32\combase.dll
0x00007ff914570000 - 0x00007ff9145da000 	C:\WINDOWS\system32\bcryptPrimitives.dll
0x00007ff915640000 - 0x00007ff91567b000 	C:\WINDOWS\system32\IMM32.DLL
0x00007ff9143d0000 - 0x00007ff914401000 	C:\Windows\system32\nvinitx.dll
0x00007ff9143c0000 - 0x00007ff9143ca000 	C:\WINDOWS\SYSTEM32\VERSION.dll
0x000000000f000000 - 0x000000000f006000 	C:\Program Files\NVIDIA Corporation\CoProcManager\_etoured.dll
0x00007ff911ed0000 - 0x00007ff911f02000 	C:\Program Files\NVIDIA Corporation\CoProcManager\nvd3d9wrapx.dll
0x00007ff917750000 - 0x00007ff917b79000 	C:\WINDOWS\system32\SETUPAPI.dll
0x00007ff914840000 - 0x00007ff914883000 	C:\WINDOWS\system32\CFGMGR32.dll
0x00007ff911e80000 - 0x00007ff911ea2000 	C:\Program Files\NVIDIA Corporation\CoProcManager\nvdxgiwrapx.dll
0x0000000052e50000 - 0x0000000052f22000 	C:\Program Files\Java\jdk1.8.0_65\jre\bin\msvcr100.dll
0x0000000052f60000 - 0x00000000537e9000 	C:\Program Files\Java\jdk1.8.0_65\jre\bin\server\jvm.dll
0x00007ff917740000 - 0x00007ff917748000 	C:\WINDOWS\system32\PSAPI.DLL
0x00007ff912710000 - 0x00007ff912733000 	C:\WINDOWS\SYSTEM32\WINMM.dll
0x00007ff909260000 - 0x00007ff909269000 	C:\WINDOWS\SYSTEM32\WSOCK32.dll
0x00007ff917c60000 - 0x00007ff917ccb000 	C:\WINDOWS\system32\WS2_32.dll
0x0000000002520000 - 0x000000000254c000 	C:\WINDOWS\SYSTEM32\WINMMBASE.dll
0x0000000053c20000 - 0x0000000053c2f000 	C:\Program Files\Java\jdk1.8.0_65\jre\bin\verify.dll
0x0000000053bf0000 - 0x0000000053c19000 	C:\Program Files\Java\jdk1.8.0_65\jre\bin\java.dll
0x0000000053bd0000 - 0x0000000053be6000 	C:\Program Files\Java\jdk1.8.0_65\jre\bin\zip.dll

VM Arguments:
jvm_args: -Dfile.encoding=UTF-8 
java_command: wecc.Cal.MainFrame
java_class_path (initial): C:\Users\CHU\workspace\calibration\bin;C:\Users\CHU\Desktop\ws\calibration\RXTXcomm.jar
Launcher Type: SUN_STANDARD

Environment Variables:
PATH=C:/Program Files/Java/jdk1.8.0_65/bin/../jre/bin/server;C:/Program Files/Java/jdk1.8.0_65/bin/../jre/bin;C:/Program Files/Java/jdk1.8.0_65/bin/../jre/lib/amd64;D:\Emgu\emgucv-windows-universal-gpu 2.4.9.1847\lib;C:\Program Files\nodejs\;C:\Program Files (x86)\IVI Foundation\VISA\WinNT\Bin;C:\WINDOWS\system32;C:\WINDOWS;C:\WINDOWS\System32\Wbem;C:\WINDOWS\System32\WindowsPowerShell\v1.0\;C:\Program Files (x86)\Windows Kits\10\Windows Performance Toolkit\;d:\rasp;C:\Program Files\Java\jdk1.8.0_65\bin;C:\Program Files\TortoiseGit\bin;C:\Users\CHU\.dnx\bin;D:\opencv\opencv\build\x86\vc10\bin;D:\Emgu\emgucv-windows-x86 2.4.0.1717\bin\x86;C:\Users\CHU\AppData\Roaming\npm;C:\AppServ\Apache24\bin;C:\AppServ\php5;C:\AppServ\MySQL\bin;C:\Users\CHU\Desktop;
USERNAME=CHU
OS=Windows_NT
PROCESSOR_IDENTIFIER=Intel64 Family 6 Model 42 Stepping 7, GenuineIntel



---------------  S Y S T E M  ---------------

OS: Windows 10.0 , 64 bit Build 10586 (10.0.10586.0)

CPU:total 4 (2 cores per cpu, 2 threads per core) family 6 model 42 stepping 7, cmov, cx8, fxsr, mmx, sse, sse2, sse3, ssse3, sse4.1, sse4.2, popcnt, avx, clmul, ht, tsc, tscinvbit

Memory: 4k page, physical 4042604k(1076092k free), swap 16625516k(5632k free)

vm_info: Java HotSpot(TM) 64-Bit Server VM (25.65-b01) for windows-amd64 JRE (1.8.0_65-b17), built on Oct  6 2015 16:39:20 by "java_re" with MS VC++ 10.0 (VS2010)

time: Mon Feb 01 16:31:31 2016
elapsed time: 0 seconds (0d 0h 0m 0s)

